mpirun: INFO: switching to OpenMPI runtime version 1.6.5-mlx
 Initialising Prism
 Initialising Prism
 Initialising Prism
 Initialising Prism
 Initialising Prism
 Initialising Prism
 Initialising Prism
 Initialising Prism
 Initialising Prism
 Initialising Prism
 Initialising Prism
 Initialising Prism
 Initialising Prism
 Initialising Prism
 Initialising Prism
 Initialising Prism
 Initialising Prism
 Initialising Prism
 Initialising Prism
 Initialising Prism
 Initialising Prism
 Initialising Prism
 Initialising Prism
 Initialising Prism
 Initialising Prism
 Initialising Prism
 Initialising Prism
 Initialising Prism
 Initialising Prism
 Initialising Prism
 Initialising Prism
 Initialising Prism
 Initialising Prism
 Initialising Prism
 Initialising Prism
 Initialising Prism
 Initialising Prism
 Initialising Prism
 Initialising Prism
 Initialising Prism
 Initialising Prism
 Initialising Prism
 Initialising Prism
 Initialising Prism
 Initialising Prism
 Initialising Prism
 Initialising Prism
 Initialising Prism
 Initialising Prism
 Initialising Prism
 Initialising Prism
 Initialising Prism
 Initialising Prism
 Initialising Prism
 Initialising Prism
 Initialising Prism
 Initialising Prism
 Initialising Prism
 Initialising Prism
 Initialising Prism
 Initialising Prism
 Initialising Prism
 Initialising Prism
 Initialising Prism
 Initialising Prism
 Initialising Prism
 Initialising Prism
 Initialising Prism
 Initialising Prism
 Initialising Prism
 Initialising Prism
 Initialising Prism
 Initialising Prism
 Initialising Prism
 Initialising Prism
 Initialising Prism
 Initialising Prism
 Initialising Prism
 Initialising Prism
 Initialising Prism
 Initialising Prism
 Initialising Prism
 Initialising Prism
 Initialising Prism
 Initialising Prism
 Initialising Prism
 Initialising Prism
 Initialising Prism
 Initialising Prism
 Initialising Prism
 Initialising Prism
 Initialising Prism
 Initialising Prism
 Initialising Prism
 Initialising Prism
 Initialising Prism
 Initialising Prism
 Initialising Prism
 Initialising Prism
 Initialising Prism
 Initialising Prism
 Initialising Prism
 Initialising Prism
 Initialising Prism
 Initialising Prism
 Initialising Prism
 Initialising Prism
 Initialising Prism
 Initialising Prism
 Initialising Prism
 Initialising Prism
 Initialising Prism
 Initialising Prism
 Initialising Prism
 Initialising Prism
 Initialising Prism
 Initialising Prism
 Initialising Prism
 Initialising Prism
 Initialising Prism
 Initialising Prism
 Initialising Prism
 Initialising Prism
 Initialising Prism
 Initialising Prism
 Initialising Prism
 Initialising Prism
 Initialising Prism
 Initialising Prism
 Initialising Prism
 Initialising Prism
 Initialising Prism
 Initialising Prism
 Initialising Prism
 Initialising Prism
 Initialising Prism
 Initialising Prism
 Initialising Prism
 Initialising Prism
 Initialising Prism
 Initialising Prism
 Initialising Prism
 Initialising Prism
 Initialising Prism
 Initialising Prism
 Initialising Prism
 Initialising Prism
 Initialising Prism
 Initialising Prism
 Initialising Prism
 Initialising Prism
 Initialising Prism
 Initialising Prism
 Initialising Prism
 Initialising Prism
 Initialising Prism
 Initialising Prism
 Initialising Prism
 Initialising Prism
 Initialising Prism
 Initialising Prism
 Initialising Prism
 Initialising Prism
 Initialising Prism
 Initialising Prism
 Initialising Prism
 Initialising Prism
 Initialising Prism
 Initialising Prism
 Initialising Prism
 Initialising Prism
 Initialising Prism
 Initialising Prism
 Initialising Prism
 Initialising Prism
 Initialising Prism
 Initialising Prism
 Initialising Prism
 Initialising Prism
 Initialising Prism
 Initialising Prism
 Initialising Prism
 Initialising Prism
 Initialising Prism
 Initialising Prism
 Initialising Prism
 Initialising Prism
 Initialising Prism
 Initialising Prism
 Initialising Prism
 Initialising Prism
 Initialising Prism
 Initialising Prism
 Initialising Prism
 Initialising Prism
 Initialising Prism
 Initialising Prism
 Initialising Prism
 Initialising Prism
 Initialising Prism
 Initialising Prism
 Initialising Prism
 Initialising Prism
 Initialising Prism
 Initialising Prism
 Initialising Prism
 Initialising Prism
 Initialising Prism
 Initialising Prism
 Initialising Prism
 Initialising Prism
 Initialising Prism
 Initialising Prism
 Initialising Prism
 Initialising Prism
 Initialising Prism
 Initialising Prism
 Initialising Prism
 Initialising Prism
 Initialising Prism
 Initialising Prism
 Initialising Prism
 Initialising Prism
 Initialising Prism
 Initialising Prism
 Initialising Prism
 Initialising Prism
 Initialising Prism
 Initialising Prism
 Initialising Prism
 Initialising Prism
 Initialising Prism
 Initialising Prism
 Initialising Prism
 Initialising Prism
 Initialising Prism
 Initialising Prism
 Initialising Prism
 Initialising Prism
 Initialising Prism
 Initialising Prism
 Initialising Prism
 Initialising Prism
 Initialising Prism
 Initialising Prism
 Initialising Prism
 Initialising Prism
 Initialising Prism
 Initialising Prism
 Initialising Prism
 Initialising Prism
 Initialising Prism
 Initialising Prism
 Initialising Prism
 Initialising Prism
 Initialising Prism
 Initialising Prism
 Initialising Prism
 Initialising Prism
 Initialising Prism
 Initialising Prism
 Initialising Prism
 Initialising Prism
 Initialising Prism
 Initialising Prism
 Initialising Prism
 Initialising Prism
 Initialising Prism
 Initialising Prism
 Initialising Prism
 Initialising Prism
 Initialising Prism
 Initialising Prism
 Initialising Prism
 Initialising Prism
 Initialising Prism
 Initialising Prism
 Initialising Prism
 Initialising Prism
 Initialising Prism
 Initialising Prism
 Initialising Prism
 Initialising Prism
 Initialising Prism
 Initialising Prism
 Initialising Prism
 Initialising Prism
 Initialising Prism
 Initialising Prism
 Initialising Prism
 Initialising Prism
 Initialising Prism
 Initialising Prism
 Initialising Prism
 Initialising Prism
 Initialising Prism
 Initialising Prism
 Initialising Prism
 Initialising Prism
 Initialising Prism
 Initialising Prism
 Initialising Prism
 Initialising Prism
 Initialising Prism
 Initialising Prism
 Initialising Prism
 Initialising Prism
 Initialising Prism
 Initialising Prism
 Initialising Prism
 Initialising Prism
 Initialising Prism
 Initialising Prism
 Initialising Prism
 Initialising Prism
 Initialising Prism
 Initialising Prism
 Initialising Prism
 Initialising Prism
 Initialising Prism
 Initialising Prism
 Initialising Prism
 Initialising Prism
 Initialising Prism
 Initialising Prism
 Initialising Prism
 Initialising Prism
 Initialising Prism
 Initialising Prism
 Initialising Prism
 Initialising Prism
 Initialising Prism
 Initialising Prism
 Initialising Prism
 Initialising Prism
 Initialising Prism
 Initialising Prism
 Initialising Prism
 Initialising Prism
 Initialising Prism
 Initialising Prism
 Initialising Prism
 Initialising Prism
 Initialising Prism
 Initialising Prism
 Initialising Prism
 Initialising Prism
 Initialising Prism
 Initialising Prism
 Initialising Prism
 Initialising Prism
 Initialising Prism
 Initialising Prism
 Initialising Prism
 Initialising Prism
 Initialising Prism
 Initialising Prism
 Initialising Prism
 Initialising Prism
 Initialising Prism
 Initialising Prism
 Initialising Prism
 Initialising Prism
 Initialising Prism
 Initialising Prism
 Initialising Prism
 Initialising Prism
 Initialising Prism
 Initialising Prism
 Initialising Prism
 Initialising Prism
 Initialising Prism
 Initialising Prism
 Initialising Prism
 Initialising Prism
 Initialising Prism
 Initialising Prism
 Initialising Prism
 Initialising Prism
 Initialising Prism
 Initialising Prism
 Initialising Prism
 Initialising Prism
 Initialising Prism
 Initialising Prism
 Initialising Prism
 Initialising Prism
 Initialising Prism
 Initialising Prism
 Initialising Prism
 Initialising Prism
 Initialising Prism
 Initialising Prism
 Initialising Prism
 Initialising Prism
 Initialising Prism
 Initialising Prism
 Initialising Prism
 Initialising Prism
 Initialising Prism
 Initialising Prism
 Initialising Prism
 Initialising Prism
 Initialising Prism
 Initialising Prism
 Initialising Prism
 Initialising Prism
 Initialising Prism
 Initialising Prism
 Initialising Prism
 Initialising Prism
 Initialising Prism
 Initialising Prism
 Initialising Prism
 Initialising Prism
 Initialising Prism
 Initialising Prism
 Initialising Prism
 Initialising Prism
 Initialising Prism
 Initialising Prism
 Initialising Prism
 Initialising Prism
 Initialising Prism
 Initialising Prism
 Initialising Prism
 Initialising Prism
 Initialising Prism
 Initialising Prism
 Initialising Prism
 Initialising Prism
 Initialising Prism
 Initialising Prism
 Initialising Prism
 Initialising Prism
 Initialising Prism
 Initialising Prism
 Initialising Prism
 Initialising Prism
 Initialising Prism
 Initialising Prism
 Initialising Prism
 Initialising Prism
 Initialising Prism
 Initialising Prism
 Initialising Prism
 Initialising Prism
 Initialising Prism
 Initialising Prism
 Initialising Prism
 Initialising Prism
 Initialising Prism
 Initialising Prism
 Initialising Prism
 Initialising Prism
 Initialising Prism
 Initialising Prism
 Initialising Prism
 Initialising Prism
 Initialising Prism
 Initialising Prism
 Initialising Prism
 Initialising Prism
 Initialising Prism
 Initialising Prism
 Initialising Prism
 Initialising Prism
 Initialising Prism
 Initialising Prism
 Initialising Prism
 Initialising Prism
 Initialising Prism
 Initialising Prism
 Initialising Prism
 Initialising Prism
 Initialising Prism
 Initialising Prism
 Initialising Prism
 Initialising Prism
 Initialising Prism
 Initialising Prism
 Initialising Prism
 Initialising Prism
 Initialising Prism
 Initialising Prism
 Initialising Prism
 Initialising Prism
 Initialising Prism
 Initialising Prism
 Initialising Prism
 Initialising Prism
 Initialising Prism
 Initialising Prism
 Initialising Prism
 Initialising Prism
 Initialising Prism
 Initialising Prism
 Initialising Prism
 Initialising Prism
 Initialising Prism
 Initialising Prism
 Initialising Prism
 Initialising Prism
 Initialising Prism
 Initialising Prism
 Initialising Prism
 Initialising Prism
 Initialising Prism
 Initialising Prism
 Initialising Prism
 Initialising Prism
 Initialising Prism
 Initialising Prism
 Initialising Prism
 Initialising Prism
 Initialising Prism
 Initialising Prism
 Initialising Prism
 Initialising Prism
 Initialising Prism
 Initialising Prism
 Initialising Prism
 Initialising Prism
 Initialising Prism
 Initialising Prism
 Initialising Prism
 Initialising Prism
 Initialising Prism
 Initialising Prism
 Initialising Prism
 Initialising Prism
 Initialising Prism
 Initialising Prism
 Initialising Prism
 Initialising Prism
 Initialising Prism
 Initialising Prism
 Initialising Prism
 Initialising Prism
 Initialising Prism
 Initialising Prism
 Initialising Prism
 Initialising Prism
 Initialising Prism
 Initialising Prism
 Initialising Prism
 Initialising Prism
 Initialising Prism
 Initialising Prism
 Initialising Prism
 Initialising Prism
 Initialising Prism
 Initialising Prism
 Initialising Prism
 Initialising Prism
 Initialising Prism
 Initialising Prism
 Initialising Prism
 Initialising Prism
 Initialising Prism
 Initialising Prism
 Initialising Prism
 Initialising Prism
 Initialising Prism
 Initialising Prism
 Initialising Prism
 Initialising Prism
 Initialising Prism
 Initialising Prism
 Initialising Prism
 Initialising Prism
 Initialising Prism
 Initialising Prism
 Initialising Prism
 Initialising Prism
 Initialising Prism
 Initialising Prism
 Initialising Prism
 Initialising Prism
 Initialising Prism
 Initialising Prism
 Initialising Prism
 Initialising Prism
 Initialising Prism
 Initialising Prism
 Initialising Prism
 Initialising Prism
 Initialising Prism
 Initialising Prism
 Initialising Prism
 Initialising Prism
 Initialising Prism
 Initialising Prism
 Initialising Prism
 Initialising Prism
 Initialising Prism
 Initialising Prism
 Initialising Prism
 Initialising Prism
 Initialising Prism
 Initialising Prism
 Initialising Prism
 Initialising Prism
 Initialising Prism
 Initialising Prism
 Initialising Prism
 Initialising Prism
 Initialising Prism
 Initialising Prism
 Initialising Prism
 Initialising Prism
 Initialising Prism
 Initialising Prism
 Initialising Prism
 Initialising Prism
 Initialising Prism
 Initialising Prism
 Initialising Prism
 Initialising Prism
 Initialising Prism
 Initialising Prism
 Initialising Prism
 Initialising Prism
 Initialising Prism
 Initialising Prism
 Initialising Prism
 Initialising Prism
 Initialising Prism
 Initialising Prism
 Initialising Prism
 Initialising Prism
 Initialising Prism
 Initialising Prism
 Initialising Prism
 Initialising Prism
 Initialising Prism
 Initialising Prism
 Initialising Prism
 Initialising Prism
 Initialising Prism
 Initialising Prism
 Initialising Prism
 Initialising Prism
 Initialising Prism
 Initialising Prism
 Initialising Prism
 Initialising Prism
 Initialising Prism
 Initialising Prism
 Initialising Prism
 Initialising Prism
 Initialising Prism
 Initialising Prism
 Initialising Prism
 Initialising Prism
 Initialising Prism
 Initialising Prism
 Initialising Prism
 Initialising Prism
 Initialising Prism
 Initialising Prism
 Initialising Prism
 Initialising Prism
 Initialising Prism
 Initialising Prism
 Initialising Prism
 Initialising Prism
 Initialising Prism
 Initialising Prism
 Initialising Prism
 Initialising Prism
 Initialising Prism
 Initialising Prism
 Initialising Prism
 Initialising Prism
 Initialising Prism
 Initialising Prism
 Initialising Prism
 Initialising Prism
 Initialising Prism
 Initialising Prism
 Initialising Prism
 Initialising Prism
 Initialising Prism
 Initialising Prism
 Initialising Prism
 Initialising Prism
 Initialising Prism
 Initialising Prism
 Initialising Prism
 Initialising Prism
 Initialising Prism
 Initialising Prism
 Initialising Prism
 Initialising Prism
 Initialising Prism
 Initialising Prism
 Initialising Prism
 Initialising Prism
 Initialising Prism
 Initialising Prism
 Initialising Prism
 Initialising Prism
 Initialising Prism
 Initialising Prism
 Initialising Prism
 Initialising Prism
 Initialising Prism
 Initialising Prism
 Initialising Prism
 Initialising Prism
 Initialising Prism
 Initialising Prism
 Initialising Prism
 Initialising Prism
 Initialising Prism
 Initialising Prism
 Initialising Prism
 Initialising Prism
 Initialising Prism
 Initialising Prism
 Initialising Prism
 Initialising Prism
 Initialising Prism
 Initialising Prism
 Initialising Prism
 Initialising Prism
 Initialising Prism
 Initialising Prism
 Initialising Prism
 Initialising Prism
 Initialising Prism
 Initialising Prism
 Initialising Prism
 Initialising Prism
 Initialising Prism
 Initialising Prism
 Initialising Prism
 Initialising Prism
 Initialising Prism
 Initialising Prism
 Initialising Prism
 Initialising Prism
 Initialising Prism
 Initialising Prism
 Initialising Prism
 Initialising Prism
 Initialising Prism
 Initialising Prism
 Initialising Prism
 Initialising Prism
 Initialising Prism
 Initialising Prism
 Initialising Prism
 Initialising Prism
 Initialising Prism
 Initialising Prism
 Initialising Prism
 Initialising Prism
 Initialising Prism
 Initialising Prism
 Initialising Prism
 Initialising Prism
 Initialising Prism
 Initialising Prism
 Initialising Prism
 Initialising Prism
 Initialising Prism
 Initialising Prism
 Initialising Prism
 Initialising Prism
 Initialising Prism
 Initialising Prism
 Initialising Prism
 Initialising Prism
 Initialising Prism
 Initialising Prism
 Initialising Prism
 Initialising Prism
 Initialising Prism
 Initialising Prism
 Initialising Prism
 Initialising Prism
 Initialising Prism
 Initialising Prism
 Initialising Prism
 Initialising Prism
 Initialising Prism
 Initialising Prism
 Initialising Prism
 Initialising Prism
 Initialising Prism
 Initialising Prism
 Initialising Prism
 Initialising Prism
 Initialising Prism
 Initialising Prism
 Initialising Prism
 Initialising Prism
 Initialising Prism
 Initialising Prism
 Initialising Prism
 Initialising Prism
 Initialising Prism
 Initialising Prism
 Initialising Prism
 Initialising Prism
 Initialising Prism
 Initialising Prism
 Initialising Prism
 Initialising Prism
 Initialising Prism
 Initialising Prism
 Initialising Prism
 Initialising Prism
 Initialising Prism
 Initialising Prism
 Initialising Prism
 Initialising Prism
 Initialising Prism
 Initialising Prism
 Initialising Prism
 Initialising Prism
 Initialising Prism
 Initialising Prism
 Initialising Prism
 Initialising Prism
 Initialising Prism
 Initialising Prism
 Initialising Prism
 Initialising Prism
 Initialising Prism
 Initialising Prism
 Initialising Prism
 Initialising Prism
 Initialising Prism
 Initialising Prism
 Initialising Prism
 Initialising Prism
 Initialising Prism
 Initialising Prism
 Initialising Prism
 Initialising Prism
 Initialising Prism
 Initialising Prism
 Initialising Prism
 Initialising Prism
 Initialising Prism
 Initialising Prism
 Initialising Prism
 Initialising Prism
 Initialising Prism
 Initialising Prism
 Initialising Prism
 Initialising Prism
 Initialising Prism
 Initialising Prism
 Initialising Prism
 Initialising Prism
 Initialising Prism
 Initialising Prism
 Initialising Prism
 Initialising Prism
 Initialising Prism
 Initialising Prism
 Initialising Prism
 Initialising Prism
 Initialising Prism
 Initialising Prism
 Initialising Prism
 Initialising Prism
 Initialising Prism
 Initialising Prism
 Initialising Prism
 Initialising Prism
 Initialising Prism
 Initialising Prism
 Initialising Prism
 Initialising Prism
 Initialising Prism
 Initialising Prism
 Initialising Prism
 Initialising Prism
 Initialising Prism
 Initialising Prism
 Initialising Prism
 Initialising Prism
 Initialising Prism
 Initialising Prism
 Initialising Prism
 Initialising Prism
 Initialising Prism
 Initialising Prism
 Initialising Prism
 Initialising Prism
 Initialising Prism
 Initialising Prism
 Initialising Prism
 Initialising Prism
 Initialising Prism
 Initialising Prism
 Initialising Prism
 Initialising Prism
 Initialising Prism
 Initialising Prism
 Initialising Prism
 Initialising Prism
 Initialising Prism
 Initialising Prism
 Initialising Prism
 Initialising Prism
 Initialising Prism
 Initialising Prism
 Initialising Prism
 Initialising Prism
 Initialising Prism
 Initialising Prism
 Initialising Prism
 Initialising Prism
 Initialising Prism
 Initialising Prism
 Initialising Prism
 Initialising Prism
 Initialising Prism
 Initialising Prism
 Initialising Prism
 Initialising Prism
 Initialising Prism
 Initialising Prism
 Initialising Prism
 Initialising Prism
 Initialising Prism
 Initialising Prism
 Initialising Prism
 Initialising Prism
 Initialising Prism
 Initialising Prism
 Initialising Prism
 Initialising Prism
 Initialising Prism
 Initialising Prism
 Initialising Prism
 Initialising Prism
 Initialising Prism
 Initialising Prism
 Initialising Prism
 Initialising Prism
 Initialising Prism
 Initialising Prism
 Initialising Prism
 Initialising Prism
 Initialising Prism
 Initialising Prism
 Initialising Prism
 Initialising Prism
 Initialising Prism
 Initialising Prism
 Initialising Prism
 Initialising Prism
 Initialising Prism
1397193850.899289 [FCA_CORE r1799 5989] fca_proto.c:37 error Resending exhausted in protocol 'COMM_INIT comm 7193'
1397193850.899342 [FCA_CORE r1799 5989] fca_proto.c:42 error LID 938 QPN 0x00021015 GUID 0x0002c90300179b81 postrecv num=4294966955, rx completions=1995
1397193850.899374 [FCA_CORE r1799 5989] fca_proto.c:102 error COMM_INIT comm 7193 ended after 2000.020 seconds, status: Connection timed out
1397193850.899690 [FCA_CORE r1799 5989] fca_proto.c:577 error Failed for comm_id=7193, expected packet COMM_INIT_DATA
1397193850.901069 [FCA_CORE r1513 23358] fca_proto.c:37 error Resending exhausted in protocol 'COMM_INIT comm 7193'
1397193850.901127 [FCA_CORE r1513 23358] fca_proto.c:42 error LID 613 QPN 0x000106ec GUID 0x0002c903001a78c1 postrecv num=4294966955, rx completions=1995
1397193850.901157 [FCA_CORE r1513 23358] fca_proto.c:102 error COMM_INIT comm 7193 ended after 2000.020 seconds, status: Connection timed out
1397193850.906395 [FCA_CORE r1380 27694] fca_proto.c:37 error Resending exhausted in protocol 'COMM_INIT comm 7193'
1397193850.906461 [FCA_CORE r1380 27694] fca_proto.c:42 error LID 519 QPN 0x0003fdc0 GUID 0x0002c903001a3101 postrecv num=4294966955, rx completions=1996
1397193850.906500 [FCA_CORE r1380 27694] fca_proto.c:102 error COMM_INIT comm 7193 ended after 2000.021 seconds, status: Connection timed out
1397193850.906873 [FCA_CORE r1380 27694] fca_proto.c:577 error Failed for comm_id=7193, expected packet COMM_INIT_DATA
1397193850.905270 [FCA_CORE r1405 3589] fca_proto.c:37 error Resending exhausted in protocol 'COMM_INIT comm 7193'
1397193850.905334 [FCA_CORE r1405 3589] fca_proto.c:42 error LID 720 QPN 0x00031ae2 GUID 0x0002c90300192781 postrecv num=4294966955, rx completions=1995
1397193850.905365 [FCA_CORE r1405 3589] fca_proto.c:102 error COMM_INIT comm 7193 ended after 2000.023 seconds, status: Connection timed out
1397193850.905688 [FCA_CORE r1405 3589] fca_proto.c:577 error Failed for comm_id=7193, expected packet COMM_INIT_DATA
1397193850.897299 [FCA_CORE r1834 2065] fca_proto.c:37 error Resending exhausted in protocol 'COMM_INIT comm 7193'
1397193850.897352 [FCA_CORE r1834 2065] fca_proto.c:42 error LID 841 QPN 0x000295be GUID 0x0002c903001a2bb1 postrecv num=4294966955, rx completions=1995
1397193850.897389 [FCA_CORE r1834 2065] fca_proto.c:102 error COMM_INIT comm 7193 ended after 2000.020 seconds, status: Connection timed out
1397193850.902712 [FCA_CORE r1829 4122] fca_proto.c:37 error Resending exhausted in protocol 'COMM_INIT comm 7193'
1397193850.902764 [FCA_CORE r1829 4122] fca_proto.c:42 error LID 862 QPN 0x00009868 GUID 0x0002c903001a2e11 postrecv num=4294966955, rx completions=1995
1397193850.902794 [FCA_CORE r1829 4122] fca_proto.c:102 error COMM_INIT comm 7193 ended after 2000.021 seconds, status: Connection timed out
1397193850.900548 [FCA_CORE r1743 26060] fca_proto.c:37 error Resending exhausted in protocol 'COMM_INIT comm 7193'
1397193850.900606 [FCA_CORE r1743 26060] fca_proto.c:42 error LID 1041 QPN 0x00016eec GUID 0x0002c903001aa721 postrecv num=4294966955, rx completions=1995
1397193850.900634 [FCA_CORE r1743 26060] fca_proto.c:102 error COMM_INIT comm 7193 ended after 2000.021 seconds, status: Connection timed out
1397193850.903177 [FCA_CORE r1741 17731] fca_proto.c:37 error Resending exhausted in protocol 'COMM_INIT comm 7193'
1397193850.903231 [FCA_CORE r1741 17731] fca_proto.c:42 error LID 884 QPN 0x000601db GUID 0x0002c903001a7131 postrecv num=4294966955, rx completions=1995
1397193850.903260 [FCA_CORE r1741 17731] fca_proto.c:102 error COMM_INIT comm 7193 ended after 2000.023 seconds, status: Connection timed out
1397193850.903641 [FCA_CORE r1741 17731] fca_proto.c:577 error Failed for comm_id=7193, expected packet COMM_INIT_DATA
1397193850.899986 [FCA_CORE r1475 2374] fca_proto.c:37 error Resending exhausted in protocol 'COMM_INIT comm 7193'
1397193850.900046 [FCA_CORE r1475 2374] fca_proto.c:42 error LID 703 QPN 0x00012052 GUID 0x0002c9030017e761 postrecv num=4294966955, rx completions=1995
1397193850.900079 [FCA_CORE r1475 2374] fca_proto.c:102 error COMM_INIT comm 7193 ended after 2000.021 seconds, status: Connection timed out
1397193850.900413 [FCA_CORE r1475 2374] fca_proto.c:577 error Failed for comm_id=7193, expected packet COMM_INIT_DATA
1397193850.897773 [FCA_CORE r1448 4443] fca_proto.c:37 error Resending exhausted in protocol 'COMM_INIT comm 7193'
1397193850.897833 [FCA_CORE r1448 4443] fca_proto.c:42 error LID 776 QPN 0x00050d06 GUID 0x0002c903001acdc1 postrecv num=4294966955, rx completions=1995
1397193850.897865 [FCA_CORE r1448 4443] fca_proto.c:102 error COMM_INIT comm 7193 ended after 2000.019 seconds, status: Connection timed out
1397193850.898184 [FCA_CORE r1448 4443] fca_proto.c:577 error Failed for comm_id=7193, expected packet COMM_INIT_DATA
1397193850.901591 [FCA_CORE r1782 7844] fca_proto.c:37 error Resending exhausted in protocol 'COMM_INIT comm 7193'
1397193850.901647 [FCA_CORE r1782 7844] fca_proto.c:42 error LID 953 QPN 0x0005314b GUID 0x0002c9030017eb91 postrecv num=4294966955, rx completions=1995
1397193850.901675 [FCA_CORE r1782 7844] fca_proto.c:102 error COMM_INIT comm 7193 ended after 2000.022 seconds, status: Connection timed out
1397193850.900759 [FCA_CORE r1658 12923] fca_proto.c:37 error Resending exhausted in protocol 'COMM_INIT comm 7193'
1397193850.900823 [FCA_CORE r1658 12923] fca_proto.c:42 error LID 966 QPN 0x0001b9ca GUID 0x0002c903001a34b1 postrecv num=4294966955, rx completions=1995
1397193850.900853 [FCA_CORE r1658 12923] fca_proto.c:102 error COMM_INIT comm 7193 ended after 2000.021 seconds, status: Connection timed out
1397193850.901169 [FCA_CORE r1658 12923] fca_proto.c:577 error Failed for comm_id=7193, expected packet COMM_INIT_DATA
1397193850.901882 [FCA_CORE r1783 32107] fca_proto.c:37 error Resending exhausted in protocol 'COMM_INIT comm 7193'
1397193850.901932 [FCA_CORE r1783 32107] fca_proto.c:42 error LID 809 QPN 0x000621a2 GUID 0x0002c9030017ec21 postrecv num=4294966955, rx completions=1995
1397193850.901962 [FCA_CORE r1783 32107] fca_proto.c:102 error COMM_INIT comm 7193 ended after 2000.022 seconds, status: Connection timed out
1397193850.896975 [FCA_CORE r1785 26135] fca_proto.c:37 error Resending exhausted in protocol 'COMM_INIT comm 7193'
1397193850.897035 [FCA_CORE r1785 26135] fca_proto.c:42 error LID 944 QPN 0x0000069e GUID 0x0002c903001a2891 postrecv num=4294966955, rx completions=1995
1397193850.897070 [FCA_CORE r1785 26135] fca_proto.c:102 error COMM_INIT comm 7193 ended after 2000.021 seconds, status: Connection timed out
1397193850.897383 [FCA_CORE r1785 26135] fca_proto.c:577 error Failed for comm_id=7193, expected packet COMM_INIT_DATA
1397193850.902170 [FCA_CORE r1779 8073] fca_proto.c:37 error Resending exhausted in protocol 'COMM_INIT comm 7193'
1397193850.902222 [FCA_CORE r1779 8073] fca_proto.c:42 error LID 827 QPN 0x0005c622 GUID 0x0002c9030017eb71 postrecv num=4294966955, rx completions=1995
1397193850.902254 [FCA_CORE r1779 8073] fca_proto.c:102 error COMM_INIT comm 7193 ended after 2000.023 seconds, status: Connection timed out
1397193850.899121 [FCA_CORE r1539 24898] fca_proto.c:37 error Resending exhausted in protocol 'COMM_INIT comm 7193'
1397193850.899177 [FCA_CORE r1539 24898] fca_proto.c:42 error LID 763 QPN 0x000064b1 GUID 0x0002c903001a66b1 postrecv num=4294966955, rx completions=1995
1397193850.899207 [FCA_CORE r1539 24898] fca_proto.c:102 error COMM_INIT comm 7193 ended after 2000.021 seconds, status: Connection timed out
1397193850.902701 [FCA_CORE r1661 4311] fca_proto.c:37 error Resending exhausted in protocol 'COMM_INIT comm 7193'
1397193850.902754 [FCA_CORE r1661 4311] fca_proto.c:42 error LID 909 QPN 0x00058a0a GUID 0x0002c90300172661 postrecv num=4294966955, rx completions=1995
1397193850.902784 [FCA_CORE r1661 4311] fca_proto.c:102 error COMM_INIT comm 7193 ended after 2000.022 seconds, status: Connection timed out
1397193850.903124 [FCA_CORE r1661 4311] fca_proto.c:577 error Failed for comm_id=7193, expected packet COMM_INIT_DATA
1397193850.903547 [FCA_CORE r1659 8425] fca_proto.c:37 error Resending exhausted in protocol 'COMM_INIT comm 7193'
1397193850.903608 [FCA_CORE r1659 8425] fca_proto.c:42 error LID 980 QPN 0x00000b20 GUID 0x0002c903001a28e1 postrecv num=4294966955, rx completions=1995
1397193850.903635 [FCA_CORE r1659 8425] fca_proto.c:102 error COMM_INIT comm 7193 ended after 2000.023 seconds, status: Connection timed out
1397193850.899193 [FCA_CORE r1547 15861] fca_proto.c:37 error Resending exhausted in protocol 'COMM_INIT comm 7193'
1397193850.899247 [FCA_CORE r1547 15861] fca_proto.c:42 error LID 633 QPN 0x0001feec GUID 0x0002c903001a3901 postrecv num=4294966955, rx completions=1995
1397193850.899278 [FCA_CORE r1547 15861] fca_proto.c:102 error COMM_INIT comm 7193 ended after 2000.021 seconds, status: Connection timed out
1397193850.899593 [FCA_CORE r1547 15861] fca_proto.c:577 error Failed for comm_id=7193, expected packet COMM_INIT_DATA
1397193850.900330 [FCA_CORE r1566 20286] fca_proto.c:37 error Resending exhausted in protocol 'COMM_INIT comm 7193'
1397193850.900392 [FCA_CORE r1566 20286] fca_proto.c:42 error LID 525 QPN 0x0000a784 GUID 0x0002c903001a7c11 postrecv num=4294966955, rx completions=1995
1397193850.900423 [FCA_CORE r1566 20286] fca_proto.c:102 error COMM_INIT comm 7193 ended after 2000.020 seconds, status: Connection timed out
1397193850.900737 [FCA_CORE r1566 20286] fca_proto.c:577 error Failed for comm_id=7193, expected packet COMM_INIT_DATA
1397193850.899328 [FCA_CORE r1680 31120] fca_proto.c:37 error Resending exhausted in protocol 'COMM_INIT comm 7193'
1397193850.899390 [FCA_CORE r1680 31120] fca_proto.c:42 error LID 1004 QPN 0x00018aeb GUID 0x0002c9030017ec41 postrecv num=4294966955, rx completions=1995
1397193850.899418 [FCA_CORE r1680 31120] fca_proto.c:102 error COMM_INIT comm 7193 ended after 2000.020 seconds, status: Connection timed out
1397193850.899559 [FCA_CORE r1656 6907] fca_proto.c:37 error Resending exhausted in protocol 'COMM_INIT comm 7193'
1397193850.899614 [FCA_CORE r1656 6907] fca_proto.c:42 error LID 504 QPN 0x00033ba8 GUID 0x0002c903001a4d21 postrecv num=4294966955, rx completions=1995
1397193850.899645 [FCA_CORE r1656 6907] fca_proto.c:102 error COMM_INIT comm 7193 ended after 2000.020 seconds, status: Connection timed out
1397193850.900000 [FCA_CORE r1656 6907] fca_proto.c:577 error Failed for comm_id=7193, expected packet COMM_INIT_DATA
1397193850.903815 [FCA_CORE r1564 2503] fca_proto.c:37 error Resending exhausted in protocol 'COMM_INIT comm 7193'
1397193850.903871 [FCA_CORE r1564 2503] fca_proto.c:42 error LID 505 QPN 0x0003dea7 GUID 0x0002c903001ae931 postrecv num=4294966955, rx completions=1995
1397193850.903901 [FCA_CORE r1564 2503] fca_proto.c:102 error COMM_INIT comm 7193 ended after 2000.024 seconds, status: Connection timed out
1397193850.900252 [FCA_CORE r1654 13030] fca_proto.c:37 error Resending exhausted in protocol 'COMM_INIT comm 7193'
1397193850.900315 [FCA_CORE r1654 13030] fca_proto.c:42 error LID 669 QPN 0x0002514a GUID 0x0002c903001a4d41 postrecv num=4294966955, rx completions=1995
1397193850.900348 [FCA_CORE r1654 13030] fca_proto.c:102 error COMM_INIT comm 7193 ended after 2000.021 seconds, status: Connection timed out
1397193850.898548 [FCA_CORE r1722 3857] fca_proto.c:37 error Resending exhausted in protocol 'COMM_INIT comm 7193'
1397193850.898603 [FCA_CORE r1722 3857] fca_proto.c:42 error LID 950 QPN 0x00051f3f GUID 0x0002c903001ad691 postrecv num=4294966955, rx completions=1995
1397193850.898631 [FCA_CORE r1722 3857] fca_proto.c:102 error COMM_INIT comm 7193 ended after 2000.021 seconds, status: Connection timed out
1397193850.899035 [FCA_CORE r1568 24354] fca_proto.c:37 error Resending exhausted in protocol 'COMM_INIT comm 7193'
1397193850.899093 [FCA_CORE r1568 24354] fca_proto.c:42 error LID 535 QPN 0x0001d22e GUID 0x0002c903001a7c21 postrecv num=4294966955, rx completions=1995
1397193850.901795 [FCA_CORE r1546 7181] fca_proto.c:37 error Resending exhausted in protocol 'COMM_INIT comm 7193'
1397193850.901850 [FCA_CORE r1546 7181] fca_proto.c:42 error LID 629 QPN 0x000186b4 GUID 0x0002c903001ab4f1 postrecv num=4294966955, rx completions=1995
1397193850.901883 [FCA_CORE r1546 7181] fca_proto.c:102 error COMM_INIT comm 7193 ended after 2000.022 seconds, status: Connection timed out
1397193850.902199 [FCA_CORE r1546 7181] fca_proto.c:577 error Failed for comm_id=7193, expected packet COMM_INIT_DATA
1397193850.899314 [FCA_CORE r1650 8634] fca_proto.c:37 error Resending exhausted in protocol 'COMM_INIT comm 7193'
1397193850.899370 [FCA_CORE r1650 8634] fca_proto.c:42 error LID 706 QPN 0x0001048d GUID 0x0002c903001a5571 postrecv num=4294966955, rx completions=1995
1397193850.899403 [FCA_CORE r1650 8634] fca_proto.c:102 error COMM_INIT comm 7193 ended after 2000.021 seconds, status: Connection timed out
1397193850.902236 [FCA_CORE r1557 8043] fca_proto.c:37 error Resending exhausted in protocol 'COMM_INIT comm 7193'
1397193850.902293 [FCA_CORE r1557 8043] fca_proto.c:42 error LID 527 QPN 0x0004cca8 GUID 0x0002c903001ae911 postrecv num=4294966955, rx completions=1995
1397193850.902323 [FCA_CORE r1557 8043] fca_proto.c:102 error COMM_INIT comm 7193 ended after 2000.022 seconds, status: Connection timed out
1397193850.902638 [FCA_CORE r1557 8043] fca_proto.c:577 error Failed for comm_id=7193, expected packet COMM_INIT_DATA
1397193850.900793 [FCA_CORE r1532 18114] fca_proto.c:37 error Resending exhausted in protocol 'COMM_INIT comm 7193'
1397193850.900844 [FCA_CORE r1532 18114] fca_proto.c:42 error LID 748 QPN 0x00060117 GUID 0x0002c903001ab4a1 postrecv num=4294966955, rx completions=1995
1397193850.900870 [FCA_CORE r1532 18114] fca_proto.c:102 error COMM_INIT comm 7193 ended after 2000.021 seconds, status: Connection timed out
1397193850.901232 [FCA_CORE r1532 18114] fca_proto.c:577 error Failed for comm_id=7193, expected packet COMM_INIT_DATA
1397193850.901421 [FCA_CORE r1536 32492] fca_proto.c:37 error Resending exhausted in protocol 'COMM_INIT comm 7193'
1397193850.901474 [FCA_CORE r1536 32492] fca_proto.c:42 error LID 526 QPN 0x00057c58 GUID 0x0002c903001ab511 postrecv num=4294966955, rx completions=1995
1397193850.888309 [FCA_CORE r1531 11773] fca_proto.c:37 error Resending exhausted in protocol 'COMM_INIT comm 7193'
1397193850.888368 [FCA_CORE r1531 11773] fca_proto.c:42 error LID 792 QPN 0x00017b04 GUID 0x0002c903001ab5e1 postrecv num=4294966955, rx completions=1995
1397193850.888397 [FCA_CORE r1531 11773] fca_proto.c:102 error COMM_INIT comm 7193 ended after 2000.021 seconds, status: Connection timed out
1397193850.899465 [FCA_CORE r1446 4292] fca_proto.c:37 error Resending exhausted in protocol 'COMM_INIT comm 7193'
1397193850.899517 [FCA_CORE r1446 4292] fca_proto.c:42 error LID 676 QPN 0x00027636 GUID 0x0002c903001ae441 postrecv num=4294966955, rx completions=1995
1397193850.899545 [FCA_CORE r1446 4292] fca_proto.c:102 error COMM_INIT comm 7193 ended after 2000.021 seconds, status: Connection timed out
1397193850.899871 [FCA_CORE r1446 4292] fca_proto.c:577 error Failed for comm_id=7193, expected packet COMM_INIT_DATA
1397193850.899213 [FCA_CORE r1386 22148] fca_proto.c:37 error Resending exhausted in protocol 'COMM_INIT comm 7193'
1397193850.899275 [FCA_CORE r1386 22148] fca_proto.c:42 error LID 509 QPN 0x00012df8 GUID 0x0002c903001ac171 postrecv num=4294966955, rx completions=1995
1397193850.899302 [FCA_CORE r1386 22148] fca_proto.c:102 error COMM_INIT comm 7193 ended after 2000.021 seconds, status: Connection timed out
1397193850.899624 [FCA_CORE r1386 22148] fca_proto.c:577 error Failed for comm_id=7193, expected packet COMM_INIT_DATA
1397193850.901481 [FCA_CORE r1457 10879] fca_proto.c:37 error Resending exhausted in protocol 'COMM_INIT comm 7193'
1397193850.901539 [FCA_CORE r1457 10879] fca_proto.c:42 error LID 783 QPN 0x00027ad9 GUID 0x0002c903001a74d1 postrecv num=4294966955, rx completions=1995
1397193850.901568 [FCA_CORE r1457 10879] fca_proto.c:102 error COMM_INIT comm 7193 ended after 2000.022 seconds, status: Connection timed out
1397193850.901894 [FCA_CORE r1457 10879] fca_proto.c:577 error Failed for comm_id=7193, expected packet COMM_INIT_DATA
1397193850.899212 [FCA_CORE r1520 31599] fca_proto.c:37 error Resending exhausted in protocol 'COMM_INIT comm 7193'
1397193850.899274 [FCA_CORE r1520 31599] fca_proto.c:42 error LID 516 QPN 0x00063617 GUID 0x0002c903001a77e1 postrecv num=4294966955, rx completions=1995
1397193850.899301 [FCA_CORE r1520 31599] fca_proto.c:102 error COMM_INIT comm 7193 ended after 2000.021 seconds, status: Connection timed out
1397193850.899765 [FCA_CORE r1520 31599] fca_proto.c:577 error Failed for comm_id=7193, expected packet COMM_INIT_DATA
1397193850.902548 [FCA_CORE r1565 22170] fca_proto.c:37 error Resending exhausted in protocol 'COMM_INIT comm 7193'
1397193850.902603 [FCA_CORE r1565 22170] fca_proto.c:42 error LID 784 QPN 0x00053057 GUID 0x0002c903001a7bd1 postrecv num=4294966955, rx completions=1995
1397193850.902631 [FCA_CORE r1565 22170] fca_proto.c:102 error COMM_INIT comm 7193 ended after 2000.021 seconds, status: Connection timed out
1397193850.904498 [FCA_CORE r1562 12659] fca_proto.c:37 error Resending exhausted in protocol 'COMM_INIT comm 7193'
1397193850.904562 [FCA_CORE r1562 12659] fca_proto.c:42 error LID 679 QPN 0x0001fee7 GUID 0x0002c903001ae941 postrecv num=4294966955, rx completions=1995
1397193850.904598 [FCA_CORE r1562 12659] fca_proto.c:102 error COMM_INIT comm 7193 ended after 2000.025 seconds, status: Connection timed out
1397193850.893389 [FCA_CORE r1514 27874] fca_proto.c:37 error Resending exhausted in protocol 'COMM_INIT comm 7193'
1397193850.893443 [FCA_CORE r1514 27874] fca_proto.c:42 error LID 635 QPN 0x00000dd7 GUID 0x0002c903001a7801 postrecv num=4294966955, rx completions=1995
1397193850.893473 [FCA_CORE r1514 27874] fca_proto.c:102 error COMM_INIT comm 7193 ended after 2000.022 seconds, status: Connection timed out
1397193850.899933 [FCA_CORE r1437 14711] fca_proto.c:37 error Resending exhausted in protocol 'COMM_INIT comm 7193'
1397193850.899986 [FCA_CORE r1437 14711] fca_proto.c:42 error LID 674 QPN 0x000356be GUID 0x0002c9030017a541 postrecv num=4294966955, rx completions=1995
1397193850.900013 [FCA_CORE r1437 14711] fca_proto.c:102 error COMM_INIT comm 7193 ended after 2000.020 seconds, status: Connection timed out
1397193850.900342 [FCA_CORE r1437 14711] fca_proto.c:577 error Failed for comm_id=7193, expected packet COMM_INIT_DATA
1397193850.898129 [FCA_CORE r1381 19327] fca_proto.c:37 error Resending exhausted in protocol 'COMM_INIT comm 7193'
1397193850.898187 [FCA_CORE r1381 19327] fca_proto.c:42 error LID 581 QPN 0x00064b0f GUID 0x0002c9030017d091 postrecv num=4294966955, rx completions=1995
1397193850.898219 [FCA_CORE r1381 19327] fca_proto.c:102 error COMM_INIT comm 7193 ended after 2000.023 seconds, status: Connection timed out
1397193850.898524 [FCA_CORE r1381 19327] fca_proto.c:577 error Failed for comm_id=7193, expected packet COMM_INIT_DATA
1397193850.901416 [FCA_CORE r1530 17277] fca_proto.c:37 error Resending exhausted in protocol 'COMM_INIT comm 7193'
1397193850.901477 [FCA_CORE r1530 17277] fca_proto.c:42 error LID 625 QPN 0x00036e15 GUID 0x0002c903001ab4e1 postrecv num=4294966955, rx completions=1995
1397193850.901508 [FCA_CORE r1530 17277] fca_proto.c:102 error COMM_INIT comm 7193 ended after 2000.022 seconds, status: Connection timed out
1397193850.901532 [FCA_CORE r1513 23358] fca_proto.c:577 error Failed for comm_id=7193, expected packet COMM_INIT_DATA
1397193850.901372 [FCA_CORE r1473 6925] fca_proto.c:37 error Resending exhausted in protocol 'COMM_INIT comm 7193'
1397193850.901429 [FCA_CORE r1473 6925] fca_proto.c:42 error LID 756 QPN 0x0005d9bb GUID 0x0002c9030017e7a1 postrecv num=4294966955, rx completions=1995
1397193850.901459 [FCA_CORE r1473 6925] fca_proto.c:102 error COMM_INIT comm 7193 ended after 2000.021 seconds, status: Connection timed out
1397193850.899238 [FCA_CORE r1445 9231] fca_proto.c:37 error Resending exhausted in protocol 'COMM_INIT comm 7193'
1397193850.899299 [FCA_CORE r1445 9231] fca_proto.c:42 error LID 717 QPN 0x00031481 GUID 0x0002c903001ae471 postrecv num=4294966955, rx completions=1995
1397193850.899333 [FCA_CORE r1445 9231] fca_proto.c:102 error COMM_INIT comm 7193 ended after 2000.021 seconds, status: Connection timed out
1397193850.898087 [FCA_CORE r1458 790] fca_proto.c:37 error Resending exhausted in protocol 'COMM_INIT comm 7193'
1397193850.898142 [FCA_CORE r1458 790] fca_proto.c:42 error LID 671 QPN 0x00000eba GUID 0x0002c903001a7541 postrecv num=4294966955, rx completions=1995
1397193850.898173 [FCA_CORE r1458 790] fca_proto.c:102 error COMM_INIT comm 7193 ended after 2000.022 seconds, status: Connection timed out
1397193850.898503 [FCA_CORE r1458 790] fca_proto.c:577 error Failed for comm_id=7193, expected packet COMM_INIT_DATA
1397193850.905797 [FCA_CORE r1444 9054] fca_proto.c:37 error Resending exhausted in protocol 'COMM_INIT comm 7193'
1397193850.905866 [FCA_CORE r1444 9054] fca_proto.c:42 error LID 529 QPN 0x000644fc GUID 0x0002c90300192f21 postrecv num=4294966955, rx completions=1995
1397193850.905906 [FCA_CORE r1444 9054] fca_proto.c:102 error COMM_INIT comm 7193 ended after 2000.026 seconds, status: Connection timed out
1397193850.906238 [FCA_CORE r1444 9054] fca_proto.c:577 error Failed for comm_id=7193, expected packet COMM_INIT_DATA
1397193850.893866 [FCA_CORE r1514 27874] fca_proto.c:577 error Failed for comm_id=7193, expected packet COMM_INIT_DATA
1397193850.898343 [FCA_CORE r1474 31406] fca_proto.c:37 error Resending exhausted in protocol 'COMM_INIT comm 7193'
1397193850.898402 [FCA_CORE r1474 31406] fca_proto.c:42 error LID 587 QPN 0x00059fd5 GUID 0x0002c9030017efa1 postrecv num=4294966955, rx completions=1995
1397193850.898432 [FCA_CORE r1474 31406] fca_proto.c:102 error COMM_INIT comm 7193 ended after 2000.021 seconds, status: Connection timed out
1397193850.898751 [FCA_CORE r1474 31406] fca_proto.c:577 error Failed for comm_id=7193, expected packet COMM_INIT_DATA
1397193850.897825 [FCA_CORE r1834 2065] fca_proto.c:577 error Failed for comm_id=7193, expected packet COMM_INIT_DATA
1397193850.903202 [FCA_CORE r1829 4122] fca_proto.c:577 error Failed for comm_id=7193, expected packet COMM_INIT_DATA
1397193850.900950 [FCA_CORE r1743 26060] fca_proto.c:577 error Failed for comm_id=7193, expected packet COMM_INIT_DATA
1397193850.899002 [FCA_CORE r1722 3857] fca_proto.c:577 error Failed for comm_id=7193, expected packet COMM_INIT_DATA
1397193850.900746 [FCA_CORE r1723 8471] fca_proto.c:37 error Resending exhausted in protocol 'COMM_INIT comm 7193'
1397193850.900804 [FCA_CORE r1723 8471] fca_proto.c:42 error LID 870 QPN 0x00057b2b GUID 0x0002c903001ad911 postrecv num=4294966955, rx completions=1995
1397193850.900835 [FCA_CORE r1723 8471] fca_proto.c:102 error COMM_INIT comm 7193 ended after 2000.020 seconds, status: Connection timed out
1397193850.901158 [FCA_CORE r1723 8471] fca_proto.c:577 error Failed for comm_id=7193, expected packet COMM_INIT_DATA
1397193850.903204 [FCA_CORE r1744 7974] fca_proto.c:37 error Resending exhausted in protocol 'COMM_INIT comm 7193'
1397193850.903263 [FCA_CORE r1744 7974] fca_proto.c:42 error LID 923 QPN 0x00017df0 GUID 0x0002c903001a7171 postrecv num=4294966955, rx completions=1995
1397193850.903297 [FCA_CORE r1744 7974] fca_proto.c:102 error COMM_INIT comm 7193 ended after 2000.023 seconds, status: Connection timed out
1397193850.903616 [FCA_CORE r1744 7974] fca_proto.c:577 error Failed for comm_id=7193, expected packet COMM_INIT_DATA
1397193850.900421 [FCA_CORE r1697 10737] fca_proto.c:37 error Resending exhausted in protocol 'COMM_INIT comm 7193'
1397193850.900483 [FCA_CORE r1697 10737] fca_proto.c:42 error LID 911 QPN 0x0005407b GUID 0x0002c903001a7061 postrecv num=4294966955, rx completions=1995
1397193850.900511 [FCA_CORE r1697 10737] fca_proto.c:102 error COMM_INIT comm 7193 ended after 2000.022 seconds, status: Connection timed out
1397193850.900834 [FCA_CORE r1697 10737] fca_proto.c:577 error Failed for comm_id=7193, expected packet COMM_INIT_DATA
1397193850.895651 [FCA_CORE r1790 24598] fca_proto.c:37 error Resending exhausted in protocol 'COMM_INIT comm 7193'
1397193850.895703 [FCA_CORE r1790 24598] fca_proto.c:42 error LID 812 QPN 0x00009040 GUID 0x0002c903001a3081 postrecv num=4294966955, rx completions=1995
1397193850.895731 [FCA_CORE r1790 24598] fca_proto.c:102 error COMM_INIT comm 7193 ended after 2000.021 seconds, status: Connection timed out
1397193850.896052 [FCA_CORE r1790 24598] fca_proto.c:577 error Failed for comm_id=7193, expected packet COMM_INIT_DATA
1397193850.902553 [FCA_CORE r1783 32107] fca_proto.c:577 error Failed for comm_id=7193, expected packet COMM_INIT_DATA
1397193850.898279 [FCA_CORE r1777 3870] fca_proto.c:37 error Resending exhausted in protocol 'COMM_INIT comm 7193'
1397193850.898334 [FCA_CORE r1777 3870] fca_proto.c:42 error LID 1700 QPN 0x00067f27 GUID 0x0002c9030017ea11 postrecv num=4294966955, rx completions=1995
1397193850.898367 [FCA_CORE r1777 3870] fca_proto.c:102 error COMM_INIT comm 7193 ended after 2000.021 seconds, status: Connection timed out
1397193850.898672 [FCA_CORE r1777 3870] fca_proto.c:577 error Failed for comm_id=7193, expected packet COMM_INIT_DATA
1397193850.902591 [FCA_CORE r1779 8073] fca_proto.c:577 error Failed for comm_id=7193, expected packet COMM_INIT_DATA
1397193850.900835 [FCA_CORE r1570 26349] fca_proto.c:37 error Resending exhausted in protocol 'COMM_INIT comm 7193'
1397193850.900898 [FCA_CORE r1570 26349] fca_proto.c:42 error LID 557 QPN 0x00025b34 GUID 0x0002c903001ae551 postrecv num=4294966955, rx completions=1995
1397193850.900929 [FCA_CORE r1570 26349] fca_proto.c:102 error COMM_INIT comm 7193 ended after 2000.022 seconds, status: Connection timed out
1397193850.901267 [FCA_CORE r1570 26349] fca_proto.c:577 error Failed for comm_id=7193, expected packet COMM_INIT_DATA
1397193850.903587 [FCA_CORE r1575 1425] fca_proto.c:37 error Resending exhausted in protocol 'COMM_INIT comm 7193'
1397193850.903643 [FCA_CORE r1575 1425] fca_proto.c:42 error LID 730 QPN 0x00037148 GUID 0x0002c903001ae981 postrecv num=4294966955, rx completions=1995
1397193850.903673 [FCA_CORE r1575 1425] fca_proto.c:102 error COMM_INIT comm 7193 ended after 2000.022 seconds, status: Connection timed out
1397193850.904092 [FCA_CORE r1575 1425] fca_proto.c:577 error Failed for comm_id=7193, expected packet COMM_INIT_DATA
1397193850.881174 [FCA_CORE r1601 22836] fca_proto.c:37 error Resending exhausted in protocol 'COMM_INIT comm 7193'
1397193850.881228 [FCA_CORE r1601 22836] fca_proto.c:42 error LID 707 QPN 0x000134b7 GUID 0x0002c903001a5d71 postrecv num=4294966955, rx completions=1995
1397193850.881255 [FCA_CORE r1601 22836] fca_proto.c:102 error COMM_INIT comm 7193 ended after 2000.020 seconds, status: Connection timed out
1397193850.881554 [FCA_CORE r1601 22836] fca_proto.c:577 error Failed for comm_id=7193, expected packet COMM_INIT_DATA
1397193850.899289 [FCA_CORE r1773 4481] fca_proto.c:37 error Resending exhausted in protocol 'COMM_INIT comm 7193'
1397193850.899342 [FCA_CORE r1773 4481] fca_proto.c:42 error LID 964 QPN 0x0006210e GUID 0x0002c9030017e0a1 postrecv num=4294966955, rx completions=1995
1397193850.899371 [FCA_CORE r1773 4481] fca_proto.c:102 error COMM_INIT comm 7193 ended after 2000.022 seconds, status: Connection timed out
1397193850.899705 [FCA_CORE r1773 4481] fca_proto.c:577 error Failed for comm_id=7193, expected packet COMM_INIT_DATA
1397193850.903995 [FCA_CORE r1659 8425] fca_proto.c:577 error Failed for comm_id=7193, expected packet COMM_INIT_DATA
1397193850.902683 [FCA_CORE r1549 3190] fca_proto.c:37 error Resending exhausted in protocol 'COMM_INIT comm 7193'
1397193850.902748 [FCA_CORE r1549 3190] fca_proto.c:42 error LID 568 QPN 0x00007a0b GUID 0x0002c903001ab481 postrecv num=4294966955, rx completions=1995
1397193850.902782 [FCA_CORE r1549 3190] fca_proto.c:102 error COMM_INIT comm 7193 ended after 2000.022 seconds, status: Connection timed out
1397193850.903113 [FCA_CORE r1549 3190] fca_proto.c:577 error Failed for comm_id=7193, expected packet COMM_INIT_DATA
1397193850.901633 [FCA_CORE r1696 7644] fca_proto.c:37 error Resending exhausted in protocol 'COMM_INIT comm 7193'
1397193850.901687 [FCA_CORE r1696 7644] fca_proto.c:42 error LID 922 QPN 0x0002766f GUID 0x0002c903001a3371 postrecv num=4294966955, rx completions=1995
1397193850.901717 [FCA_CORE r1696 7644] fca_proto.c:102 error COMM_INIT comm 7193 ended after 2000.020 seconds, status: Connection timed out
1397193850.902027 [FCA_CORE r1696 7644] fca_proto.c:577 error Failed for comm_id=7193, expected packet COMM_INIT_DATA
1397193850.904246 [FCA_CORE r1564 2503] fca_proto.c:577 error Failed for comm_id=7193, expected packet COMM_INIT_DATA
1397193850.901354 [FCA_CORE r1651 19773] fca_proto.c:37 error Resending exhausted in protocol 'COMM_INIT comm 7193'
1397193850.901419 [FCA_CORE r1651 19773] fca_proto.c:42 error LID 611 QPN 0x00031a1f GUID 0x0002c90300171cc1 postrecv num=4294966955, rx completions=1995
1397193850.901455 [FCA_CORE r1651 19773] fca_proto.c:102 error COMM_INIT comm 7193 ended after 2000.020 seconds, status: Connection timed out
1397193850.901865 [FCA_CORE r1651 19773] fca_proto.c:577 error Failed for comm_id=7193, expected packet COMM_INIT_DATA
1397193850.900039 [FCA_CORE r1652 17739] fca_proto.c:37 error Resending exhausted in protocol 'COMM_INIT comm 7193'
1397193850.900089 [FCA_CORE r1652 17739] fca_proto.c:42 error LID 617 QPN 0x00023cf0 GUID 0x0002c903001a55d1 postrecv num=4294966955, rx completions=1995
1397193850.900119 [FCA_CORE r1652 17739] fca_proto.c:102 error COMM_INIT comm 7193 ended after 2000.021 seconds, status: Connection timed out
1397193850.900425 [FCA_CORE r1652 17739] fca_proto.c:577 error Failed for comm_id=7193, expected packet COMM_INIT_DATA
1397193850.900140 [FCA_CORE r1563 21618] fca_proto.c:37 error Resending exhausted in protocol 'COMM_INIT comm 7193'
1397193850.900198 [FCA_CORE r1563 21618] fca_proto.c:42 error LID 692 QPN 0x00010ce0 GUID 0x0002c903001ae451 postrecv num=4294966955, rx completions=1995
1397193850.900231 [FCA_CORE r1563 21618] fca_proto.c:102 error COMM_INIT comm 7193 ended after 2000.021 seconds, status: Connection timed out
1397193850.900545 [FCA_CORE r1563 21618] fca_proto.c:577 error Failed for comm_id=7193, expected packet COMM_INIT_DATA
1397193850.902946 [FCA_CORE r1565 22170] fca_proto.c:577 error Failed for comm_id=7193, expected packet COMM_INIT_DATA
1397193850.899137 [FCA_CORE r1568 24354] fca_proto.c:102 error COMM_INIT comm 7193 ended after 2000.021 seconds, status: Connection timed out
1397193850.901280 [FCA_CORE r1653 24909] fca_proto.c:37 error Resending exhausted in protocol 'COMM_INIT comm 7193'
1397193850.901335 [FCA_CORE r1653 24909] fca_proto.c:42 error LID 520 QPN 0x0000f6f6 GUID 0x0002c903001a4d01 postrecv num=4294966955, rx completions=1995
1397193850.901367 [FCA_CORE r1653 24909] fca_proto.c:102 error COMM_INIT comm 7193 ended after 2000.021 seconds, status: Connection timed out
1397193850.901796 [FCA_CORE r1653 24909] fca_proto.c:577 error Failed for comm_id=7193, expected packet COMM_INIT_DATA
1397193850.898236 [FCA_CORE r1540 30205] fca_proto.c:37 error Resending exhausted in protocol 'COMM_INIT comm 7193'
1397193850.898290 [FCA_CORE r1540 30205] fca_proto.c:42 error LID 708 QPN 0x0000a4c8 GUID 0x0002c903001a6671 postrecv num=4294966955, rx completions=1995
1397193850.898329 [FCA_CORE r1540 30205] fca_proto.c:102 error COMM_INIT comm 7193 ended after 2000.020 seconds, status: Connection timed out
1397193850.898705 [FCA_CORE r1540 30205] fca_proto.c:577 error Failed for comm_id=7193, expected packet COMM_INIT_DATA
1397193850.898398 [FCA_CORE r1538 6155] fca_proto.c:37 error Resending exhausted in protocol 'COMM_INIT comm 7193'
1397193850.898452 [FCA_CORE r1538 6155] fca_proto.c:42 error LID 661 QPN 0x000522f6 GUID 0x0002c903001a7931 postrecv num=4294966955, rx completions=1995
1397193850.898480 [FCA_CORE r1538 6155] fca_proto.c:102 error COMM_INIT comm 7193 ended after 2000.020 seconds, status: Connection timed out
1397193850.898806 [FCA_CORE r1538 6155] fca_proto.c:577 error Failed for comm_id=7193, expected packet COMM_INIT_DATA
1397193850.901514 [FCA_CORE r1536 32492] fca_proto.c:102 error COMM_INIT comm 7193 ended after 2000.021 seconds, status: Connection timed out
1397193850.888721 [FCA_CORE r1531 11773] fca_proto.c:577 error Failed for comm_id=7193, expected packet COMM_INIT_DATA
1397193850.899503 [FCA_CORE r1568 24354] fca_proto.c:577 error Failed for comm_id=7193, expected packet COMM_INIT_DATA
1397193850.904944 [FCA_CORE r1562 12659] fca_proto.c:577 error Failed for comm_id=7193, expected packet COMM_INIT_DATA
1397193850.901900 [FCA_CORE r1536 32492] fca_proto.c:577 error Failed for comm_id=7193, expected packet COMM_INIT_DATA
1397193850.901841 [FCA_CORE r1530 17277] fca_proto.c:577 error Failed for comm_id=7193, expected packet COMM_INIT_DATA
1397193850.899841 [FCA_CORE r1680 31120] fca_proto.c:577 error Failed for comm_id=7193, expected packet COMM_INIT_DATA
1397193850.901850 [FCA_CORE r1473 6925] fca_proto.c:577 error Failed for comm_id=7193, expected packet COMM_INIT_DATA
1397193850.899685 [FCA_CORE r1445 9231] fca_proto.c:577 error Failed for comm_id=7193, expected packet COMM_INIT_DATA
1397193850.899036 [FCA_CORE r1400 13180] fca_proto.c:37 error Resending exhausted in protocol 'COMM_INIT comm 7193'
1397193850.899104 [FCA_CORE r1400 13180] fca_proto.c:42 error LID 688 QPN 0x0002a4e0 GUID 0x0002c90300179e51 postrecv num=4294966955, rx completions=1995
1397193850.899138 [FCA_CORE r1400 13180] fca_proto.c:102 error COMM_INIT comm 7193 ended after 2000.021 seconds, status: Connection timed out
1397193850.899464 [FCA_CORE r1400 13180] fca_proto.c:577 error Failed for comm_id=7193, expected packet COMM_INIT_DATA
1397193850.902126 [FCA_CORE r1782 7844] fca_proto.c:577 error Failed for comm_id=7193, expected packet COMM_INIT_DATA
1397193850.899686 [FCA_CORE r1539 24898] fca_proto.c:577 error Failed for comm_id=7193, expected packet COMM_INIT_DATA
1397193850.900722 [FCA_CORE r1654 13030] fca_proto.c:577 error Failed for comm_id=7193, expected packet COMM_INIT_DATA
1397193850.899069 [FCA_CORE r1459 30946] fca_proto.c:37 error Resending exhausted in protocol 'COMM_INIT comm 7193'
1397193850.899125 [FCA_CORE r1459 30946] fca_proto.c:42 error LID 782 QPN 0x00048092 GUID 0x0002c903001a73d1 postrecv num=4294966955, rx completions=1995
1397193850.899156 [FCA_CORE r1459 30946] fca_proto.c:102 error COMM_INIT comm 7193 ended after 2000.021 seconds, status: Connection timed out
1397193850.899475 [FCA_CORE r1459 30946] fca_proto.c:577 error Failed for comm_id=7193, expected packet COMM_INIT_DATA
1397193850.899744 [FCA_CORE r1827 9761] fca_proto.c:37 error Resending exhausted in protocol 'COMM_INIT comm 7193'
1397193850.899798 [FCA_CORE r1827 9761] fca_proto.c:42 error LID 1009 QPN 0x00055d90 GUID 0x0002c9030017d561 postrecv num=4294966955, rx completions=1995
1397193850.899829 [FCA_CORE r1827 9761] fca_proto.c:102 error COMM_INIT comm 7193 ended after 2000.021 seconds, status: Connection timed out
1397193850.900147 [FCA_CORE r1827 9761] fca_proto.c:577 error Failed for comm_id=7193, expected packet COMM_INIT_DATA
1397193850.894837 [FCA_CORE r1789 22693] fca_proto.c:37 error Resending exhausted in protocol 'COMM_INIT comm 7193'
1397193850.894900 [FCA_CORE r1789 22693] fca_proto.c:42 error LID 915 QPN 0x000025c0 GUID 0x0002c9030017a061 postrecv num=4294966955, rx completions=1995
1397193850.894931 [FCA_CORE r1789 22693] fca_proto.c:102 error COMM_INIT comm 7193 ended after 2000.020 seconds, status: Connection timed out
1397193850.895254 [FCA_CORE r1789 22693] fca_proto.c:577 error Failed for comm_id=7193, expected packet COMM_INIT_DATA
1397193850.900318 [FCA_CORE r1516 28121] fca_proto.c:37 error Resending exhausted in protocol 'COMM_INIT comm 7193'
1397193850.900378 [FCA_CORE r1516 28121] fca_proto.c:42 error LID 797 QPN 0x00041fc2 GUID 0x0002c903001a77f1 postrecv num=4294966955, rx completions=1995
1397193850.900413 [FCA_CORE r1516 28121] fca_proto.c:102 error COMM_INIT comm 7193 ended after 2000.021 seconds, status: Connection timed out
1397193850.900746 [FCA_CORE r1516 28121] fca_proto.c:577 error Failed for comm_id=7193, expected packet COMM_INIT_DATA
1397193850.899808 [FCA_CORE r1650 8634] fca_proto.c:577 error Failed for comm_id=7193, expected packet COMM_INIT_DATA
